This is pdfTeX, Version 3.14159265-2.6-1.40.19 (MiKTeX 2.9.6840 64-bit) (preloaded format=pdflatex 2018.12.28)  3 SEP 2019 15:26
entering extended mode
**./20190903.tex
(20190903.tex
LaTeX2e <2018-04-01> patch level 5
("D:\MiKTeX 2.9\tex\latex\base\article.cls"
Document Class: article 2014/09/29 v1.4h Standard LaTeX document class
("D:\MiKTeX 2.9\tex\latex\base\size12.clo"
File: size12.clo 2014/09/29 v1.4h Standard LaTeX file (size option)
)
\c@part=\count80
\c@section=\count81
\c@subsection=\count82
\c@subsubsection=\count83
\c@paragraph=\count84
\c@subparagraph=\count85
\c@figure=\count86
\c@table=\count87
\abovecaptionskip=\skip41
\belowcaptionskip=\skip42
\bibindent=\dimen102
)
("D:\MiKTeX 2.9\tex\latex\geometry\geometry.sty"
Package: geometry 2018/04/16 v5.8 Page Geometry

("D:\MiKTeX 2.9\tex\latex\graphics\keyval.sty"
Package: keyval 2014/10/28 v1.15 key=value parser (DPC)
\KV@toks@=\toks14
)
("D:\MiKTeX 2.9\tex\generic\oberdiek\ifpdf.sty"
Package: ifpdf 2018/09/07 v3.3 Provides the ifpdf switch
)
("D:\MiKTeX 2.9\tex\generic\oberdiek\ifvtex.sty"
Package: ifvtex 2016/05/16 v1.6 Detect VTeX and its facilities (HO)
Package ifvtex Info: VTeX not detected.
)
("D:\MiKTeX 2.9\tex\generic\ifxetex\ifxetex.sty"
Package: ifxetex 2010/09/12 v0.6 Provides ifxetex conditional
)
\Gm@cnth=\count88
\Gm@cntv=\count89
\c@Gm@tempcnt=\count90
\Gm@bindingoffset=\dimen103
\Gm@wd@mp=\dimen104
\Gm@odd@mp=\dimen105
\Gm@even@mp=\dimen106
\Gm@layoutwidth=\dimen107
\Gm@layoutheight=\dimen108
\Gm@layouthoffset=\dimen109
\Gm@layoutvoffset=\dimen110
\Gm@dimlist=\toks15

("D:\MiKTeX 2.9\tex\latex\geometry\geometry.cfg"))
("D:\MiKTeX 2.9\tex\latex\amsmath\amsmath.sty"
Package: amsmath 2017/09/02 v2.17a AMS math features
\@mathmargin=\skip43

For additional information on amsmath, use the `?' option.
("D:\MiKTeX 2.9\tex\latex\amsmath\amstext.sty"
Package: amstext 2000/06/29 v2.01 AMS text

("D:\MiKTeX 2.9\tex\latex\amsmath\amsgen.sty"
File: amsgen.sty 1999/11/30 v2.0 generic functions
\@emptytoks=\toks16
\ex@=\dimen111
))
("D:\MiKTeX 2.9\tex\latex\amsmath\amsbsy.sty"
Package: amsbsy 1999/11/29 v1.2d Bold Symbols
\pmbraise@=\dimen112
)
("D:\MiKTeX 2.9\tex\latex\amsmath\amsopn.sty"
Package: amsopn 2016/03/08 v2.02 operator names
)
\inf@bad=\count91
LaTeX Info: Redefining \frac on input line 213.
\uproot@=\count92
\leftroot@=\count93
LaTeX Info: Redefining \overline on input line 375.
\classnum@=\count94
\DOTSCASE@=\count95
LaTeX Info: Redefining \ldots on input line 472.
LaTeX Info: Redefining \dots on input line 475.
LaTeX Info: Redefining \cdots on input line 596.
\Mathstrutbox@=\box26
\strutbox@=\box27
\big@size=\dimen113
LaTeX Font Info:    Redeclaring font encoding OML on input line 712.
LaTeX Font Info:    Redeclaring font encoding OMS on input line 713.
\macc@depth=\count96
\c@MaxMatrixCols=\count97
\dotsspace@=\muskip10
\c@parentequation=\count98
\dspbrk@lvl=\count99
\tag@help=\toks17
\row@=\count100
\column@=\count101
\maxfields@=\count102
\andhelp@=\toks18
\eqnshift@=\dimen114
\alignsep@=\dimen115
\tagshift@=\dimen116
\tagwidth@=\dimen117
\totwidth@=\dimen118
\lineht@=\dimen119
\@envbody=\toks19
\multlinegap=\skip44
\multlinetaggap=\skip45
\mathdisplay@stack=\toks20
LaTeX Info: Redefining \[ on input line 2817.
LaTeX Info: Redefining \] on input line 2818.
)
("D:\MiKTeX 2.9\tex\latex\amscls\amsthm.sty"
Package: amsthm 2017/10/31 v2.20.4
\thm@style=\toks21
\thm@bodyfont=\toks22
\thm@headfont=\toks23
\thm@notefont=\toks24
\thm@headpunct=\toks25
\thm@preskip=\skip46
\thm@postskip=\skip47
\thm@headsep=\skip48
\dth@everypar=\toks26
)
("D:\MiKTeX 2.9\tex\latex\amsfonts\amssymb.sty"
Package: amssymb 2013/01/14 v3.01 AMS font symbols

("D:\MiKTeX 2.9\tex\latex\amsfonts\amsfonts.sty"
Package: amsfonts 2013/01/14 v3.01 Basic AMSFonts support
\symAMSa=\mathgroup4
\symAMSb=\mathgroup5
LaTeX Font Info:    Overwriting math alphabet `\mathfrak' in version `bold'
(Font)                  U/euf/m/n --> U/euf/b/n on input line 106.
))
("D:\MiKTeX 2.9\tex\latex\cjk\CJK.sty"
Package: CJK 2015/04/18 4.8.4

("D:\MiKTeX 2.9\tex\latex\cjk\mule\MULEenc.sty"
Package: MULEenc 2015/04/18 4.8.4
)
("D:\MiKTeX 2.9\tex\latex\cjk\CJK.enc"
File: CJK.enc 2015/04/18 4.8.4
Now handling font encoding C00 ...
... no UTF-8 mapping file for font encoding C00
Now handling font encoding C05 ...
... no UTF-8 mapping file for font encoding C05
Now handling font encoding C09 ...
... no UTF-8 mapping file for font encoding C09
Now handling font encoding C10 ...
... no UTF-8 mapping file for font encoding C10
Now handling font encoding C20 ...
... no UTF-8 mapping file for font encoding C20
Now handling font encoding C19 ...
... no UTF-8 mapping file for font encoding C19
Now handling font encoding C40 ...
... no UTF-8 mapping file for font encoding C40
Now handling font encoding C42 ...
... no UTF-8 mapping file for font encoding C42
Now handling font encoding C43 ...
... no UTF-8 mapping file for font encoding C43
Now handling font encoding C50 ...
... no UTF-8 mapping file for font encoding C50
Now handling font encoding C52 ...
... no UTF-8 mapping file for font encoding C52
Now handling font encoding C49 ...
... no UTF-8 mapping file for font encoding C49
Now handling font encoding C60 ...
... no UTF-8 mapping file for font encoding C60
Now handling font encoding C61 ...
... no UTF-8 mapping file for font encoding C61
Now handling font encoding C63 ...
... no UTF-8 mapping file for font encoding C63
Now handling font encoding C64 ...
... no UTF-8 mapping file for font encoding C64
Now handling font encoding C65 ...
... no UTF-8 mapping file for font encoding C65
Now handling font encoding C70 ...
... no UTF-8 mapping file for font encoding C70
Now handling font encoding C31 ...
... no UTF-8 mapping file for font encoding C31
Now handling font encoding C32 ...
... no UTF-8 mapping file for font encoding C32
Now handling font encoding C33 ...
... no UTF-8 mapping file for font encoding C33
Now handling font encoding C34 ...
... no UTF-8 mapping file for font encoding C34
Now handling font encoding C35 ...
... no UTF-8 mapping file for font encoding C35
Now handling font encoding C36 ...
... no UTF-8 mapping file for font encoding C36
Now handling font encoding C37 ...
... no UTF-8 mapping file for font encoding C37
Now handling font encoding C80 ...
... no UTF-8 mapping file for font encoding C80
Now handling font encoding C81 ...
... no UTF-8 mapping file for font encoding C81
Now handling font encoding C01 ...
... no UTF-8 mapping file for font encoding C01
Now handling font encoding C11 ...
... no UTF-8 mapping file for font encoding C11
Now handling font encoding C21 ...
... no UTF-8 mapping file for font encoding C21
Now handling font encoding C41 ...
... no UTF-8 mapping file for font encoding C41
Now handling font encoding C62 ...
... no UTF-8 mapping file for font encoding C62
)
LaTeX Info: Redefining \selectfont on input line 755.
\CJK@indent=\box28
)
("D:\MiKTeX 2.9\tex\latex\tools\verbatim.sty"
Package: verbatim 2014/10/28 v1.5q LaTeX2e package for verbatim enhancements
\every@verbatim=\toks27
\verbatim@line=\toks28
\verbatim@in@stream=\read1
)
("D:\MiKTeX 2.9\tex\latex\graphics\graphicx.sty"
Package: graphicx 2017/06/01 v1.1a Enhanced LaTeX Graphics (DPC,SPQR)

("D:\MiKTeX 2.9\tex\latex\graphics\graphics.sty"
Package: graphics 2017/06/25 v1.2c Standard LaTeX Graphics (DPC,SPQR)

("D:\MiKTeX 2.9\tex\latex\graphics\trig.sty"
Package: trig 2016/01/03 v1.10 sin cos tan (DPC)
)
("D:\MiKTeX 2.9\tex\latex\graphics-cfg\graphics.cfg"
File: graphics.cfg 2016/06/04 v1.11 sample graphics configuration
)
Package graphics Info: Driver file: pdftex.def on input line 99.

("D:\MiKTeX 2.9\tex\latex\graphics-def\pdftex.def"
File: pdftex.def 2018/01/08 v1.0l Graphics/color driver for pdftex
))
\Gin@req@height=\dimen120
\Gin@req@width=\dimen121
) (20190903.aux)
\openout1 = `20190903.aux'.

LaTeX Font Info:    Checking defaults for OML/cmm/m/it on input line 8.
LaTeX Font Info:    ... okay on input line 8.
LaTeX Font Info:    Checking defaults for T1/cmr/m/n on input line 8.
LaTeX Font Info:    ... okay on input line 8.
LaTeX Font Info:    Checking defaults for OT1/cmr/m/n on input line 8.
LaTeX Font Info:    ... okay on input line 8.
LaTeX Font Info:    Checking defaults for OMS/cmsy/m/n on input line 8.
LaTeX Font Info:    ... okay on input line 8.
LaTeX Font Info:    Checking defaults for OMX/cmex/m/n on input line 8.
LaTeX Font Info:    ... okay on input line 8.
LaTeX Font Info:    Checking defaults for U/cmr/m/n on input line 8.
LaTeX Font Info:    ... okay on input line 8.
LaTeX Font Info:    Checking defaults for C00/song/m/n on input line 8.
LaTeX Font Info:    ... okay on input line 8.
LaTeX Font Info:    Checking defaults for C05/song/m/n on input line 8.
LaTeX Font Info:    ... okay on input line 8.
LaTeX Font Info:    Checking defaults for C09/song/m/n on input line 8.
LaTeX Font Info:    ... okay on input line 8.
LaTeX Font Info:    Checking defaults for C10/song/m/n on input line 8.
LaTeX Font Info:    ... okay on input line 8.
LaTeX Font Info:    Checking defaults for C20/song/m/n on input line 8.
LaTeX Font Info:    ... okay on input line 8.
LaTeX Font Info:    Checking defaults for C19/song/m/n on input line 8.
LaTeX Font Info:    ... okay on input line 8.
LaTeX Font Info:    Checking defaults for C40/song/m/n on input line 8.
LaTeX Font Info:    ... okay on input line 8.
LaTeX Font Info:    Checking defaults for C42/song/m/n on input line 8.
LaTeX Font Info:    ... okay on input line 8.
LaTeX Font Info:    Checking defaults for C43/song/m/n on input line 8.
LaTeX Font Info:    ... okay on input line 8.
LaTeX Font Info:    Checking defaults for C50/song/m/n on input line 8.
LaTeX Font Info:    ... okay on input line 8.
LaTeX Font Info:    Checking defaults for C52/song/m/n on input line 8.
LaTeX Font Info:    ... okay on input line 8.
LaTeX Font Info:    Checking defaults for C49/song/m/n on input line 8.
LaTeX Font Info:    ... okay on input line 8.
LaTeX Font Info:    Checking defaults for C60/mj/m/n on input line 8.
LaTeX Font Info:    ... okay on input line 8.
LaTeX Font Info:    Checking defaults for C61/mj/m/n on input line 8.
LaTeX Font Info:    ... okay on input line 8.
LaTeX Font Info:    Checking defaults for C63/mj/m/n on input line 8.
LaTeX Font Info:    ... okay on input line 8.
LaTeX Font Info:    Checking defaults for C64/mj/m/n on input line 8.
LaTeX Font Info:    ... okay on input line 8.
LaTeX Font Info:    Checking defaults for C65/mj/m/n on input line 8.
LaTeX Font Info:    ... okay on input line 8.
LaTeX Font Info:    Checking defaults for C70/song/m/n on input line 8.
LaTeX Font Info:    ... okay on input line 8.
LaTeX Font Info:    Checking defaults for C31/song/m/n on input line 8.
LaTeX Font Info:    ... okay on input line 8.
LaTeX Font Info:    Checking defaults for C32/song/m/n on input line 8.
LaTeX Font Info:    ... okay on input line 8.
LaTeX Font Info:    Checking defaults for C33/song/m/n on input line 8.
LaTeX Font Info:    ... okay on input line 8.
LaTeX Font Info:    Checking defaults for C34/song/m/n on input line 8.
LaTeX Font Info:    ... okay on input line 8.
LaTeX Font Info:    Checking defaults for C35/song/m/n on input line 8.
LaTeX Font Info:    ... okay on input line 8.
LaTeX Font Info:    Checking defaults for C36/song/m/n on input line 8.
LaTeX Font Info:    ... okay on input line 8.
LaTeX Font Info:    Checking defaults for C37/song/m/n on input line 8.
LaTeX Font Info:    ... okay on input line 8.
LaTeX Font Info:    Checking defaults for C80/song/m/n on input line 8.
LaTeX Font Info:    ... okay on input line 8.
LaTeX Font Info:    Checking defaults for C81/song/m/n on input line 8.
LaTeX Font Info:    ... okay on input line 8.
LaTeX Font Info:    Checking defaults for C01/song/m/n on input line 8.
LaTeX Font Info:    ... okay on input line 8.
LaTeX Font Info:    Checking defaults for C11/song/m/n on input line 8.
LaTeX Font Info:    ... okay on input line 8.
LaTeX Font Info:    Checking defaults for C21/song/m/n on input line 8.
LaTeX Font Info:    ... okay on input line 8.
LaTeX Font Info:    Checking defaults for C41/song/m/n on input line 8.
LaTeX Font Info:    ... okay on input line 8.
LaTeX Font Info:    Checking defaults for C62/song/m/n on input line 8.
LaTeX Font Info:    ... okay on input line 8.

*geometry* driver: auto-detecting
*geometry* detected driver: pdftex
*geometry* verbose mode - [ preamble ] result:
* driver: pdftex
* paper: a4paper
* layout: <same size as paper>
* layoutoffset:(h,v)=(0.0pt,0.0pt)
* modes: 
* h-part:(L,W,R)=(56.9055pt, 483.69687pt, 56.9055pt)
* v-part:(T,H,B)=(56.9055pt, 731.23584pt, 56.9055pt)
* \paperwidth=597.50787pt
* \paperheight=845.04684pt
* \textwidth=483.69687pt
* \textheight=731.23584pt
* \oddsidemargin=-15.36449pt
* \evensidemargin=-15.36449pt
* \topmargin=-52.36449pt
* \headheight=12.0pt
* \headsep=25.0pt
* \topskip=12.0pt
* \footskip=30.0pt
* \marginparwidth=35.0pt
* \marginparsep=10.0pt
* \columnsep=10.0pt
* \skip\footins=10.8pt plus 4.0pt minus 2.0pt
* \hoffset=0.0pt
* \voffset=0.0pt
* \mag=1000
* \@twocolumnfalse
* \@twosidefalse
* \@mparswitchfalse
* \@reversemarginfalse
* (1in=72.27pt=25.4mm, 1cm=28.453pt)

("D:\MiKTeX 2.9\tex\context\base\supp-pdf.mkii"
[Loading MPS to PDF converter (version 2006.09.02).]
\scratchcounter=\count103
\scratchdimen=\dimen122
\scratchbox=\box29
\nofMPsegments=\count104
\nofMParguments=\count105
\everyMPshowfont=\toks29
\MPscratchCnt=\count106
\MPscratchDim=\dimen123
\MPnumerator=\count107
\makeMPintoPDFobject=\count108
\everyMPtoPDFconversion=\toks30
) ("D:\MiKTeX 2.9\tex\latex\oberdiek\epstopdf-base.sty"
Package: epstopdf-base 2016/05/15 v2.6 Base part for package epstopdf

("D:\MiKTeX 2.9\tex\generic\oberdiek\infwarerr.sty"
Package: infwarerr 2016/05/16 v1.4 Providing info/warning/error messages (HO)
)
("D:\MiKTeX 2.9\tex\latex\oberdiek\grfext.sty"
Package: grfext 2016/05/16 v1.2 Manage graphics extensions (HO)

("D:\MiKTeX 2.9\tex\generic\oberdiek\kvdefinekeys.sty"
Package: kvdefinekeys 2016/05/16 v1.4 Define keys (HO)

("D:\MiKTeX 2.9\tex\generic\oberdiek\ltxcmds.sty"
Package: ltxcmds 2016/05/16 v1.23 LaTeX kernel commands for general use (HO)
)))
("D:\MiKTeX 2.9\tex\latex\oberdiek\kvoptions.sty"
Package: kvoptions 2016/05/16 v3.12 Key value format for package options (HO)

("D:\MiKTeX 2.9\tex\generic\oberdiek\kvsetkeys.sty"
Package: kvsetkeys 2016/05/16 v1.17 Key value parser (HO)

("D:\MiKTeX 2.9\tex\generic\oberdiek\etexcmds.sty"
Package: etexcmds 2016/05/16 v1.6 Avoid name clashes with e-TeX commands (HO)

("D:\MiKTeX 2.9\tex\generic\oberdiek\ifluatex.sty"
Package: ifluatex 2016/05/16 v1.4 Provides the ifluatex switch (HO)
Package ifluatex Info: LuaTeX not detected.
)
Package etexcmds Info: Could not find \expanded.
(etexcmds)             That can mean that you are not using pdfTeX 1.50 or
(etexcmds)             that some package has redefined \expanded.
(etexcmds)             In the latter case, load this package earlier.
)))
("D:\MiKTeX 2.9\tex\generic\oberdiek\pdftexcmds.sty"
Package: pdftexcmds 2018/09/10 v0.29 Utility functions of pdfTeX for LuaTeX (HO
)
Package pdftexcmds Info: LuaTeX not detected.
Package pdftexcmds Info: \pdf@primitive is available.
Package pdftexcmds Info: \pdf@ifprimitive is available.
Package pdftexcmds Info: \pdfdraftmode found.
)
Package epstopdf-base Info: Redefining graphics rule for `.eps' on input line 4
38.
Package grfext Info: Graphics extension search list:
(grfext)             [.pdf,.png,.jpg,.mps,.jpeg,.jbig2,.jb2,.PDF,.PNG,.JPG,.JPE
G,.JBIG2,.JB2,.eps]
(grfext)             \AppendGraphicsExtensions on input line 456.
)
("D:\MiKTeX 2.9\tex\latex\cjk\UTF8\UTF8.bdg"
File: UTF8.bdg 2015/04/18 4.8.4
)
("D:\MiKTeX 2.9\tex\latex\cjk\UTF8\UTF8.enc"
File: UTF8.enc 2015/04/18 4.8.4
)
("D:\MiKTeX 2.9\tex\latex\cjk\UTF8\UTF8.chr"
File: UTF8.chr 2015/04/18 4.8.4
)
LaTeX Font Info:    Try loading font information for C70+bsmi on input line 10.


("D:\MiKTeX 2.9\tex\latex\cjk\UTF8\c70bsmi.fd"
File: c70bsmi.fd 2015/04/18 4.8.4
)
("D:\MiKTeX 2.9\tex\latex\cjk\UTF8\c70bsmi.fdx"
File: c70bsmi.fdx 2015/04/18 4.8.4
)
LaTeX Font Info:    Try loading font information for U+msa on input line 12.

("D:\MiKTeX 2.9\tex\latex\amsfonts\umsa.fd"
File: umsa.fd 2013/01/14 v3.01 AMS symbols A
)
LaTeX Font Info:    Try loading font information for U+msb on input line 12.

("D:\MiKTeX 2.9\tex\latex\amsfonts\umsb.fd"
File: umsb.fd 2013/01/14 v3.01 AMS symbols B
)
Package epstopdf Info: Source file: <21.eps>
(epstopdf)                    date: 2019-09-03 14:55:05
(epstopdf)                    size: 38177 bytes
(epstopdf)             Output file: <21-eps-converted-to.pdf>
(epstopdf)                    date: 2019-09-03 15:18:31
(epstopdf)                    size: 10009 bytes
(epstopdf)             Command: <epstopdf --outfile=21-eps-converted-to.pdf 21.
eps>
(epstopdf)             \includegraphics on input line 21.
Package epstopdf Info: Output file is already uptodate.


pdfTeX warning: pdflatex.exe (file ./21-eps-converted-to.pdf): PDF inclusion: f
ound PDF version <1.7>, but at most version <1.5> allowed
<21-eps-converted-to.pdf, id=1, 1156.32pt x 564.1075pt>
File: 21-eps-converted-to.pdf Graphic file (type pdf)
<use 21-eps-converted-to.pdf>
Package pdftex.def Info: 21-eps-converted-to.pdf  used on input line 21.
(pdftex.def)             Requested size: 500.0pt x 243.92148pt.

Overfull \hbox (16.30313pt too wide) in paragraph at lines 21--22
 [][] 
 []

Package epstopdf Info: Source file: <31.eps>
(epstopdf)                    date: 2019-09-03 14:55:37
(epstopdf)                    size: 40395 bytes
(epstopdf)             Output file: <31-eps-converted-to.pdf>
(epstopdf)                    date: 2019-09-03 15:19:21
(epstopdf)                    size: 10483 bytes
(epstopdf)             Command: <epstopdf --outfile=31-eps-converted-to.pdf 31.
eps>
(epstopdf)             \includegraphics on input line 25.
Package epstopdf Info: Output file is already uptodate.


pdfTeX warning: pdflatex.exe (file ./31-eps-converted-to.pdf): PDF inclusion: f
ound PDF version <1.7>, but at most version <1.5> allowed
<31-eps-converted-to.pdf, id=2, 1156.32pt x 564.1075pt>
File: 31-eps-converted-to.pdf Graphic file (type pdf)
<use 31-eps-converted-to.pdf>
Package pdftex.def Info: 31-eps-converted-to.pdf  used on input line 25.
(pdftex.def)             Requested size: 500.0pt x 243.92148pt.

Overfull \hbox (16.30313pt too wide) in paragraph at lines 25--26
 [][] 
 []

Package epstopdf Info: Source file: <41.eps>
(epstopdf)                    date: 2019-09-03 14:56:08
(epstopdf)                    size: 43427 bytes
(epstopdf)             Output file: <41-eps-converted-to.pdf>
(epstopdf)                    date: 2019-09-03 15:19:22
(epstopdf)                    size: 11146 bytes
(epstopdf)             Command: <epstopdf --outfile=41-eps-converted-to.pdf 41.
eps>
(epstopdf)             \includegraphics on input line 29.
Package epstopdf Info: Output file is already uptodate.


pdfTeX warning: pdflatex.exe (file ./41-eps-converted-to.pdf): PDF inclusion: f
ound PDF version <1.7>, but at most version <1.5> allowed
<41-eps-converted-to.pdf, id=3, 1156.32pt x 564.1075pt>
File: 41-eps-converted-to.pdf Graphic file (type pdf)
<use 41-eps-converted-to.pdf>
Package pdftex.def Info: 41-eps-converted-to.pdf  used on input line 29.
(pdftex.def)             Requested size: 500.0pt x 243.92148pt.

Overfull \hbox (16.30313pt too wide) in paragraph at lines 29--30
 [][] 
 []

Package epstopdf Info: Source file: <51.eps>
(epstopdf)                    date: 2019-09-03 14:56:43
(epstopdf)                    size: 40638 bytes
(epstopdf)             Output file: <51-eps-converted-to.pdf>
(epstopdf)                    date: 2019-09-03 15:19:22
(epstopdf)                    size: 10495 bytes
(epstopdf)             Command: <epstopdf --outfile=51-eps-converted-to.pdf 51.
eps>
(epstopdf)             \includegraphics on input line 33.
Package epstopdf Info: Output file is already uptodate.


pdfTeX warning: pdflatex.exe (file ./51-eps-converted-to.pdf): PDF inclusion: f
ound PDF version <1.7>, but at most version <1.5> allowed
<51-eps-converted-to.pdf, id=4, 1156.32pt x 564.1075pt>
File: 51-eps-converted-to.pdf Graphic file (type pdf)
<use 51-eps-converted-to.pdf>
Package pdftex.def Info: 51-eps-converted-to.pdf  used on input line 33.
(pdftex.def)             Requested size: 500.0pt x 243.92148pt.

Overfull \hbox (16.30313pt too wide) in paragraph at lines 33--34
 [][] 
 []

Package epstopdf Info: Source file: <61.eps>
(epstopdf)                    date: 2019-09-03 14:57:19
(epstopdf)                    size: 40640 bytes
(epstopdf)             Output file: <61-eps-converted-to.pdf>
(epstopdf)                    date: 2019-09-03 15:19:23
(epstopdf)                    size: 10490 bytes
(epstopdf)             Command: <epstopdf --outfile=61-eps-converted-to.pdf 61.
eps>
(epstopdf)             \includegraphics on input line 37.
Package epstopdf Info: Output file is already uptodate.


pdfTeX warning: pdflatex.exe (file ./61-eps-converted-to.pdf): PDF inclusion: f
ound PDF version <1.7>, but at most version <1.5> allowed
<61-eps-converted-to.pdf, id=5, 1156.32pt x 564.1075pt>
File: 61-eps-converted-to.pdf Graphic file (type pdf)
<use 61-eps-converted-to.pdf>
Package pdftex.def Info: 61-eps-converted-to.pdf  used on input line 37.
(pdftex.def)             Requested size: 500.0pt x 243.92148pt.

Overfull \hbox (16.30313pt too wide) in paragraph at lines 37--38
 [][] 
 []

[1

{C:/Users/boyunchen.000/AppData/Local/MiKTeX/2.9/pdftex/config/pdftex.map} <./2
1-eps-converted-to.pdf> <./31-eps-converted-to.pdf>] [2 <./41-eps-converted-to.
pdf> <./51-eps-converted-to.pdf>]
Package epstopdf Info: Source file: <405.eps>
(epstopdf)                    date: 2019-09-03 14:50:53
(epstopdf)                    size: 34218 bytes
(epstopdf)             Output file: <405-eps-converted-to.pdf>
(epstopdf)                    date: 2019-09-03 15:25:38
(epstopdf)                    size: 8432 bytes
(epstopdf)             Command: <epstopdf --outfile=405-eps-converted-to.pdf 40
5.eps>
(epstopdf)             \includegraphics on input line 44.
Package epstopdf Info: Output file is already uptodate.


pdfTeX warning: pdflatex.exe (file ./405-eps-converted-to.pdf): PDF inclusion: 
found PDF version <1.7>, but at most version <1.5> allowed
<405-eps-converted-to.pdf, id=55, 1156.32pt x 564.1075pt>
File: 405-eps-converted-to.pdf Graphic file (type pdf)
<use 405-eps-converted-to.pdf>
Package pdftex.def Info: 405-eps-converted-to.pdf  used on input line 44.
(pdftex.def)             Requested size: 500.0pt x 243.92148pt.

Overfull \hbox (16.30313pt too wide) in paragraph at lines 44--45
 [][] 
 []

Package epstopdf Info: Source file: <505.eps>
(epstopdf)                    date: 2019-09-03 14:50:25
(epstopdf)                    size: 33123 bytes
(epstopdf)             Output file: <505-eps-converted-to.pdf>
(epstopdf)                    date: 2019-09-03 15:25:39
(epstopdf)                    size: 8515 bytes
(epstopdf)             Command: <epstopdf --outfile=505-eps-converted-to.pdf 50
5.eps>
(epstopdf)             \includegraphics on input line 48.
Package epstopdf Info: Output file is already uptodate.


pdfTeX warning: pdflatex.exe (file ./505-eps-converted-to.pdf): PDF inclusion: 
found PDF version <1.7>, but at most version <1.5> allowed
<505-eps-converted-to.pdf, id=56, 1156.32pt x 564.1075pt>
File: 505-eps-converted-to.pdf Graphic file (type pdf)
<use 505-eps-converted-to.pdf>
Package pdftex.def Info: 505-eps-converted-to.pdf  used on input line 48.
(pdftex.def)             Requested size: 500.0pt x 243.92148pt.

Overfull \hbox (16.30313pt too wide) in paragraph at lines 48--49
 [][] 
 []

Package epstopdf Info: Source file: <605.eps>
(epstopdf)                    date: 2019-09-03 14:51:22
(epstopdf)                    size: 33123 bytes
(epstopdf)             Output file: <605-eps-converted-to.pdf>
(epstopdf)                    date: 2019-09-03 15:25:39
(epstopdf)                    size: 8506 bytes
(epstopdf)             Command: <epstopdf --outfile=605-eps-converted-to.pdf 60
5.eps>
(epstopdf)             \includegraphics on input line 52.
Package epstopdf Info: Output file is already uptodate.


pdfTeX warning: pdflatex.exe (file ./605-eps-converted-to.pdf): PDF inclusion: 
found PDF version <1.7>, but at most version <1.5> allowed
<605-eps-converted-to.pdf, id=57, 1156.32pt x 564.1075pt>
File: 605-eps-converted-to.pdf Graphic file (type pdf)
<use 605-eps-converted-to.pdf>
Package pdftex.def Info: 605-eps-converted-to.pdf  used on input line 52.
(pdftex.def)             Requested size: 500.0pt x 243.92148pt.

Overfull \hbox (16.30313pt too wide) in paragraph at lines 52--53
 [][] 
 []

Package epstopdf Info: Source file: <705.eps>
(epstopdf)                    date: 2019-09-03 14:51:52
(epstopdf)                    size: 37519 bytes
(epstopdf)             Output file: <705-eps-converted-to.pdf>
(epstopdf)                    date: 2019-09-03 15:25:40
(epstopdf)                    size: 9343 bytes
(epstopdf)             Command: <epstopdf --outfile=705-eps-converted-to.pdf 70
5.eps>
(epstopdf)             \includegraphics on input line 56.
Package epstopdf Info: Output file is already uptodate.


pdfTeX warning: pdflatex.exe (file ./705-eps-converted-to.pdf): PDF inclusion: 
found PDF version <1.7>, but at most version <1.5> allowed
<705-eps-converted-to.pdf, id=58, 1156.32pt x 564.1075pt>
File: 705-eps-converted-to.pdf Graphic file (type pdf)
<use 705-eps-converted-to.pdf>
Package pdftex.def Info: 705-eps-converted-to.pdf  used on input line 56.
(pdftex.def)             Requested size: 500.0pt x 243.92148pt.

Overfull \hbox (16.30313pt too wide) in paragraph at lines 56--57
 [][] 
 []

Package epstopdf Info: Source file: <805.eps>
(epstopdf)                    date: 2019-09-03 14:52:20
(epstopdf)                    size: 34227 bytes
(epstopdf)             Output file: <805-eps-converted-to.pdf>
(epstopdf)                    date: 2019-09-03 15:25:40
(epstopdf)                    size: 8458 bytes
(epstopdf)             Command: <epstopdf --outfile=805-eps-converted-to.pdf 80
5.eps>
(epstopdf)             \includegraphics on input line 60.
Package epstopdf Info: Output file is already uptodate.


pdfTeX warning: pdflatex.exe (file ./805-eps-converted-to.pdf): PDF inclusion: 
found PDF version <1.7>, but at most version <1.5> allowed
<805-eps-converted-to.pdf, id=59, 1156.32pt x 564.1075pt>
File: 805-eps-converted-to.pdf Graphic file (type pdf)
<use 805-eps-converted-to.pdf>
Package pdftex.def Info: 805-eps-converted-to.pdf  used on input line 60.
(pdftex.def)             Requested size: 500.0pt x 243.92148pt.

Overfull \hbox (16.30313pt too wide) in paragraph at lines 60--61
 [][] 
 []

[3 <./61-eps-converted-to.pdf> <./405-eps-converted-to.pdf>] [4 <./505-eps-conv
erted-to.pdf> <./605-eps-converted-to.pdf>] [5 <./705-eps-converted-to.pdf> <./
805-eps-converted-to.pdf>] (20190903.aux) ) 
Here is how much of TeX's memory you used:
 4219 strings out of 492970
 54515 string characters out of 3142004
 124047 words of memory out of 3000000
 7961 multiletter control sequences out of 15000+200000
 14126 words of font info for 53 fonts, out of 3000000 for 9000
 1141 hyphenation exceptions out of 8191
 41i,6n,32p,277b,392s stack positions out of 5000i,500n,10000p,200000b,50000s
<D:/MiKTeX 2.9/fonts/type1/arphic/bs
miu/bsmiu50.pfb><D:/MiKTeX 2.9/fonts/type1/arphic/bsmiu/bsmiu51.pfb><D:/MiKTeX 
2.9/fonts/type1/arphic/bsmiu/bsmiu53.pfb><D:/MiKTeX 2.9/fonts/type1/arphic/bsmi
u/bsmiu58.pfb><D:/MiKTeX 2.9/fonts/type1/arphic/bsmiu/bsmiu59.pfb><D:/MiKTeX 2.
9/fonts/type1/arphic/bsmiu/bsmiu5b.pfb><D:/MiKTeX 2.9/fonts/type1/arphic/bsmiu/
bsmiu5c.pfb><D:/MiKTeX 2.9/fonts/type1/arphic/bsmiu/bsmiu5e.pfb><D:/MiKTeX 2.9/
fonts/type1/arphic/bsmiu/bsmiu65.pfb><D:/MiKTeX 2.9/fonts/type1/arphic/bsmiu/bs
miu66.pfb><D:/MiKTeX 2.9/fonts/type1/arphic/bsmiu/bsmiu70.pfb><D:/MiKTeX 2.9/fo
nts/type1/arphic/bsmiu/bsmiu75.pfb><D:/MiKTeX 2.9/fonts/type1/arphic/bsmiu/bsmi
u7d.pfb><D:/MiKTeX 2.9/fonts/type1/arphic/bsmiu/bsmiu7e.pfb><D:/MiKTeX 2.9/font
s/type1/arphic/bsmiu/bsmiu80.pfb><D:/MiKTeX 2.9/fonts/type1/arphic/bsmiu/bsmiu8
1.pfb><D:/MiKTeX 2.9/fonts/type1/arphic/bsmiu/bsmiu85.pfb><D:/MiKTeX 2.9/fonts/
type1/arphic/bsmiu/bsmiu8a.pfb><D:/MiKTeX 2.9/fonts/type1/arphic/bsmiu/bsmiu8b.
pfb><D:/MiKTeX 2.9/fonts/type1/arphic/bsmiu/bsmiu95.pfb><D:/MiKTeX 2.9/fonts/ty
pe1/arphic/bsmiu/bsmiuff.pfb><D:/MiKTeX 2.9/fonts/type1/public/amsfonts/cm/cmmi
12.pfb><D:/MiKTeX 2.9/fonts/type1/public/amsfonts/cm/cmmi6.pfb><D:/MiKTeX 2.9/f
onts/type1/public/amsfonts/cm/cmr12.pfb><D:/MiKTeX 2.9/fonts/type1/public/amsfo
nts/cm/cmr6.pfb><D:/MiKTeX 2.9/fonts/type1/public/amsfonts/cm/cmr8.pfb><D:/MiKT
eX 2.9/fonts/type1/public/amsfonts/cm/cmsy6.pfb><D:/MiKTeX 2.9/fonts/type1/publ
ic/amsfonts/cm/cmsy8.pfb>
Output written on 20190903.pdf (5 pages, 207040 bytes).
PDF statistics:
 180 PDF objects out of 1000 (max. 8388607)
 0 named destinations out of 1000 (max. 500000)
 51 words of extra memory for PDF output out of 10000 (max. 10000000)

